<?xml version="1.0" encoding="UTF-8"?>
<testsuite xmlns:xsi="http://www.w3.org/2001/XMLSchema-instance" xsi:noNamespaceSchemaLocation="https://maven.apache.org/surefire/maven-surefire-plugin/xsd/surefire-test-report-3.0.xsd" version="3.0" name="chatApplication.com.chatApplication.ChatApplicationTests" time="9.29" tests="1" errors="0" skipped="0" failures="0">
  <properties>
[...]
</properties>
  <testcase name="contextLoads" classname="chatApplication.com.chatApplication.ChatApplicationTests" time="0.626">
    <system-out><![CDATA[20:16:40.098 [main] INFO org.springframework.test.context.support.AnnotationConfigContextLoaderUtils -- Could not detect default configuration classes for test class [chatApplication.com.chatApplication.ChatApplicationTests]: ChatApplicationTests does not declare any static, non-private, non-final, nested classes annotated with @Configuration.
20:16:40.521 [main] INFO org.springframework.boot.test.context.SpringBootTestContextBootstrapper -- Found @SpringBootConfiguration chatApplication.com.chatApplication.ChatApplication for test class chatApplication.com.chatApplication.ChatApplicationTests
20:16:40.758 [main] INFO org.springframework.boot.devtools.restart.RestartApplicationListener -- Restart disabled due to context in which it is running

  .   ____          _            __ _ _
 /\\ / ___'_ __ _ _(_)_ __  __ _ \ \ \ \
( ( )\___ | '_ | '_| | '_ \/ _` | \ \ \ \
 \\/  ___)| |_)| | | | | || (_| |  ) ) ) )
  '  |____| .__|_| |_|_| |_\__, | / / / /
 =========|_|==============|___/=/_/_/_/
 :: Spring Boot ::                (v3.1.8)

2024-10-09T20:16:41.125+05:30  INFO 109205 --- [           main] c.c.c.ChatApplicationTests               : Starting ChatApplicationTests using Java 21.0.4 with PID 109205 (started by bene in /home/bene/Documents/InstaSphere)
2024-10-09T20:16:41.128+05:30  INFO 109205 --- [           main] c.c.c.ChatApplicationTests               : No active profile set, falling back to 1 default profile: "default"
2024-10-09T20:16:42.147+05:30  INFO 109205 --- [           main] .s.d.r.c.RepositoryConfigurationDelegate : Bootstrapping Spring Data JPA repositories in DEFAULT mode.
2024-10-09T20:16:42.251+05:30  INFO 109205 --- [           main] .s.d.r.c.RepositoryConfigurationDelegate : Finished Spring Data repository scanning in 95 ms. Found 6 JPA repository interfaces.
2024-10-09T20:16:42.870+05:30  INFO 109205 --- [           main] o.hibernate.jpa.internal.util.LogHelper  : HHH000204: Processing PersistenceUnitInfo [name: default]
2024-10-09T20:16:42.930+05:30  INFO 109205 --- [           main] org.hibernate.Version                    : HHH000412: Hibernate ORM core version 6.2.20.Final
2024-10-09T20:16:42.933+05:30  INFO 109205 --- [           main] org.hibernate.cfg.Environment            : HHH000406: Using bytecode reflection optimizer
2024-10-09T20:16:43.270+05:30  INFO 109205 --- [           main] o.s.o.j.p.SpringPersistenceUnitInfo      : No LoadTimeWeaver setup: ignoring JPA class transformer
2024-10-09T20:16:43.303+05:30  INFO 109205 --- [           main] com.zaxxer.hikari.HikariDataSource       : HikariPool-1 - Starting...
2024-10-09T20:16:43.974+05:30  INFO 109205 --- [           main] com.zaxxer.hikari.pool.HikariPool        : HikariPool-1 - Added connection com.mysql.cj.jdbc.ConnectionImpl@7e5e6573
2024-10-09T20:16:43.976+05:30  INFO 109205 --- [           main] com.zaxxer.hikari.HikariDataSource       : HikariPool-1 - Start completed.
2024-10-09T20:16:44.022+05:30  WARN 109205 --- [           main] org.hibernate.orm.deprecation            : HHH90000025: MySQL8Dialect does not need to be specified explicitly using 'hibernate.dialect' (remove the property setting and it will be selected by default)
2024-10-09T20:16:44.023+05:30  WARN 109205 --- [           main] org.hibernate.orm.deprecation            : HHH90000026: MySQL8Dialect has been deprecated; use org.hibernate.dialect.MySQLDialect instead
2024-10-09T20:16:45.274+05:30  INFO 109205 --- [           main] o.h.e.t.j.p.i.JtaPlatformInitiator       : HHH000489: No JTA platform available (set 'hibernate.transaction.jta.platform' to enable JTA platform integration)
2024-10-09T20:16:45.462+05:30  INFO 109205 --- [           main] j.LocalContainerEntityManagerFactoryBean : Initialized JPA EntityManagerFactory for persistence unit 'default'
2024-10-09T20:16:45.810+05:30  INFO 109205 --- [           main] o.s.d.j.r.query.QueryEnhancerFactory     : Hibernate is in classpath; If applicable, HQL parser will be used.
2024-10-09T20:16:46.633+05:30  WARN 109205 --- [           main] JpaBaseConfiguration$JpaWebConfiguration : spring.jpa.open-in-view is enabled by default. Therefore, database queries may be performed during view rendering. Explicitly configure spring.jpa.open-in-view to disable this warning
2024-10-09T20:16:47.958+05:30  INFO 109205 --- [           main] c.c.c.ChatApplicationTests               : Started ChatApplicationTests in 7.216 seconds (process running for 10.532)
]]></system-out>
    <system-err><![CDATA[WARNING: A Java agent has been loaded dynamically (/home/bene/.m2/repository/net/bytebuddy/byte-buddy-agent/1.14.11/byte-buddy-agent-1.14.11.jar)
WARNING: If a serviceability tool is in use, please run with -XX:+EnableDynamicAgentLoading to hide this warning
WARNING: If a serviceability tool is not in use, please run with -Djdk.instrument.traceUsage for more information
WARNING: Dynamic loading of agents will be disallowed by default in a future release
]]></system-err>
  </testcase>
</testsuite>